Library/Bee/Android/Prj/Mono2x/Gradle/unityLibrary/build/intermediates/manifest_merge_blame_file/release/manifest-merger-blame-release-report.txt
1<?xml version="1.0" encoding="utf-8"?>
2<manifest xmlns:android="http://schemas.android.com/apk/res/android"
3    xmlns:tools="http://schemas.android.com/tools"
4    package="com.unity3d.player"
5    android:versionCode="1"
6    android:versionName="0.1" >
7
8    <uses-sdk
9        android:minSdkVersion="22"
9-->src\main\AndroidManifest.xml
10        android:targetSdkVersion="30" />
10-->src\main\AndroidManifest.xml
11
12    <uses-feature android:glEsVersion="0x00030000" />
12-->src\main\AndroidManifest.xml:21:3-52
12-->src\main\AndroidManifest.xml:21:17-49
13    <uses-feature
13-->src\main\AndroidManifest.xml:22:3-91
14        android:name="android.hardware.vulkan.version"
14-->src\main\AndroidManifest.xml:22:17-63
15        android:required="false" />
15-->src\main\AndroidManifest.xml:22:64-88
16
17    <uses-permission android:name="android.permission.INTERNET" />
17-->src\main\AndroidManifest.xml:23:3-65
17-->src\main\AndroidManifest.xml:23:20-62
18    <uses-permission android:name="android.permission.ACCESS_NETWORK_STATE" />
18-->src\main\AndroidManifest.xml:24:3-77
18-->src\main\AndroidManifest.xml:24:20-74
19
20    <uses-feature
20-->src\main\AndroidManifest.xml:25:3-88
21        android:name="android.hardware.touchscreen"
21-->src\main\AndroidManifest.xml:25:17-60
22        android:required="false" />
22-->src\main\AndroidManifest.xml:25:61-85
23    <uses-feature
23-->src\main\AndroidManifest.xml:26:3-99
24        android:name="android.hardware.touchscreen.multitouch"
24-->src\main\AndroidManifest.xml:26:17-71
25        android:required="false" />
25-->src\main\AndroidManifest.xml:26:72-96
26    <uses-feature
26-->src\main\AndroidManifest.xml:27:3-108
27        android:name="android.hardware.touchscreen.multitouch.distinct"
27-->src\main\AndroidManifest.xml:27:17-80
28        android:required="false" />
28-->src\main\AndroidManifest.xml:27:81-105
29
30    <application android:extractNativeLibs="true" >
30-->src\main\AndroidManifest.xml:3:3-20:17
30-->src\main\AndroidManifest.xml:3:16-48
31        <activity
31-->src\main\AndroidManifest.xml:4:5-14:16
32            android:name="com.unity3d.player.UnityPlayerActivity"
32-->src\main\AndroidManifest.xml:4:15-68
33            android:configChanges="mcc|mnc|locale|touchscreen|keyboard|keyboardHidden|navigation|orientation|screenLayout|uiMode|screenSize|smallestScreenSize|fontScale|layoutDirection|density"
33-->src\main\AndroidManifest.xml:4:180-361
34            android:hardwareAccelerated="false"
34-->src\main\AndroidManifest.xml:4:396-431
35            android:launchMode="singleTask"
35-->src\main\AndroidManifest.xml:4:148-179
36            android:resizeableActivity="true"
36-->src\main\AndroidManifest.xml:4:362-395
37            android:screenOrientation="fullUser"
37-->src\main\AndroidManifest.xml:4:111-147
38            android:theme="@style/UnityThemeSelector" >
38-->src\main\AndroidManifest.xml:4:69-110
39            <intent-filter>
39-->src\main\AndroidManifest.xml:5:7-8:23
40                <action android:name="android.intent.action.MAIN" />
40-->src\main\AndroidManifest.xml:6:9-61
40-->src\main\AndroidManifest.xml:6:17-58
41
42                <category android:name="android.intent.category.LAUNCHER" />
42-->src\main\AndroidManifest.xml:7:9-69
42-->src\main\AndroidManifest.xml:7:19-66
43            </intent-filter>
44
45            <meta-data
45-->src\main\AndroidManifest.xml:9:7-82
46                android:name="unityplayer.UnityActivity"
46-->src\main\AndroidManifest.xml:9:18-58
47                android:value="true" />
47-->src\main\AndroidManifest.xml:9:59-79
48            <meta-data
48-->src\main\AndroidManifest.xml:10:7-128
49                android:name="WindowManagerPreference:FreeformWindowSize"
49-->src\main\AndroidManifest.xml:10:18-75
50                android:value="@string/FreeformWindowSize_tablet" />
50-->src\main\AndroidManifest.xml:10:76-125
51            <meta-data
51-->src\main\AndroidManifest.xml:11:7-145
52                android:name="WindowManagerPreference:FreeformWindowOrientation"
52-->src\main\AndroidManifest.xml:11:18-82
53                android:value="@string/FreeformWindowOrientation_landscape" />
53-->src\main\AndroidManifest.xml:11:83-142
54
55            <layout
55-->src\main\AndroidManifest.xml:12:7-129
56                android:defaultHeight="1080px"
56-->src\main\AndroidManifest.xml:12:15-45
57                android:defaultWidth="1920px"
57-->src\main\AndroidManifest.xml:12:46-75
58                android:minHeight="300px"
58-->src\main\AndroidManifest.xml:12:76-101
59                android:minWidth="400px" />
59-->src\main\AndroidManifest.xml:12:102-126
60
61            <meta-data
61-->src\main\AndroidManifest.xml:13:7-78
62                android:name="android.notch_support"
62-->src\main\AndroidManifest.xml:13:18-54
63                android:value="true" />
63-->src\main\AndroidManifest.xml:13:55-75
64        </activity>
65
66        <meta-data
66-->src\main\AndroidManifest.xml:15:5-69
67            android:name="unity.splash-mode"
67-->src\main\AndroidManifest.xml:15:16-48
68            android:value="0" />
68-->src\main\AndroidManifest.xml:15:49-66
69        <meta-data
69-->src\main\AndroidManifest.xml:16:5-74
70            android:name="unity.splash-enable"
70-->src\main\AndroidManifest.xml:16:16-50
71            android:value="True" />
71-->src\main\AndroidManifest.xml:16:51-71
72        <meta-data
72-->src\main\AndroidManifest.xml:17:5-78
73            android:name="unity.launch-fullscreen"
73-->src\main\AndroidManifest.xml:17:16-54
74            android:value="True" />
74-->src\main\AndroidManifest.xml:17:55-75
75        <meta-data
75-->src\main\AndroidManifest.xml:18:5-83
76            android:name="unity.allow-resizable-window"
76-->src\main\AndroidManifest.xml:18:16-59
77            android:value="True" />
77-->src\main\AndroidManifest.xml:18:60-80
78        <meta-data
78-->src\main\AndroidManifest.xml:19:5-81
79            android:name="notch.config"
79-->src\main\AndroidManifest.xml:19:16-43
80            android:value="portrait|landscape" />
80-->src\main\AndroidManifest.xml:19:44-78
81    </application>
82
83</manifest>